2026-03-21 12:22:41 | INFO     | ************************************************************
2026-03-21 12:22:41 | INFO     | SPOUŠTÍM BRONZE INGESTION PIPELINE
2026-03-21 12:22:41 | INFO     | ************************************************************
2026-03-21 12:22:41 | INFO     | Výstupní adresář: /Users/thomasistok/Desktop/Formula 1/data/bronze
2026-03-21 12:22:41 | INFO     | ============================================================
2026-03-21 12:22:41 | INFO     | BRONZE INGESTION – OpenF1 API (rok 2024)
2026-03-21 12:22:41 | INFO     | ============================================================
2026-03-21 12:22:41 | INFO     | Stahuji data z: https://api.openf1.org/v1/sessions | Parametry: {'year': 2024, 'session_name': 'Race'}
2026-03-21 12:22:41 | INFO     | Úspěšně staženo 24 záznamů z https://api.openf1.org/v1/sessions
2026-03-21 12:22:42 | INFO     | Uloženo 24 řádků do /Users/thomasistok/Desktop/Formula 1/data/bronze/api_sessions.parquet (10.3 KB)
2026-03-21 12:22:42 | INFO     | Stahuji detailní data pro session_key=9472
2026-03-21 12:22:42 | INFO     | Stahuji data z: https://api.openf1.org/v1/laps | Parametry: {'session_key': 9472}
2026-03-21 12:22:42 | INFO     | Úspěšně staženo 1129 záznamů z https://api.openf1.org/v1/laps
2026-03-21 12:22:42 | INFO     | Uloženo 1129 řádků do /Users/thomasistok/Desktop/Formula 1/data/bronze/api_laps.parquet (54.5 KB)
2026-03-21 12:22:42 | INFO     | Stahuji data z: https://api.openf1.org/v1/pit | Parametry: {'session_key': 9472}
2026-03-21 12:22:42 | INFO     | Úspěšně staženo 43 záznamů z https://api.openf1.org/v1/pit
2026-03-21 12:22:42 | INFO     | Uloženo 43 řádků do /Users/thomasistok/Desktop/Formula 1/data/bronze/api_pit.parquet (6.2 KB)
2026-03-21 12:22:42 | INFO     | Stahuji data z: https://api.openf1.org/v1/drivers | Parametry: {'session_key': 9472}
2026-03-21 12:22:42 | INFO     | Úspěšně staženo 20 záznamů z https://api.openf1.org/v1/drivers
2026-03-21 12:22:42 | INFO     | Uloženo 20 řádků do /Users/thomasistok/Desktop/Formula 1/data/bronze/api_drivers.parquet (10.0 KB)
2026-03-21 12:22:42 | INFO     | ============================================================
2026-03-21 12:22:42 | INFO     | BRONZE INGESTION – Kaggle CSV soubory
2026-03-21 12:22:42 | INFO     | ============================================================
2026-03-21 12:22:42 | ERROR    | Soubor /Users/thomasistok/Desktop/Formula 1/archive/circuits.csv neexistuje – přeskakuji.
2026-03-21 12:22:42 | ERROR    | Soubor /Users/thomasistok/Desktop/Formula 1/archive/constructors.csv neexistuje – přeskakuji.
2026-03-21 12:22:42 | ERROR    | Soubor /Users/thomasistok/Desktop/Formula 1/archive/drivers.csv neexistuje – přeskakuji.
2026-03-21 12:22:42 | ERROR    | Soubor /Users/thomasistok/Desktop/Formula 1/archive/races.csv neexistuje – přeskakuji.
2026-03-21 12:22:42 | ERROR    | Soubor /Users/thomasistok/Desktop/Formula 1/archive/results.csv neexistuje – přeskakuji.
2026-03-21 12:22:42 | INFO     | ************************************************************
2026-03-21 12:22:42 | INFO     | BRONZE INGESTION PIPELINE DOKONČENA
2026-03-21 12:22:42 | INFO     | ************************************************************
2026-03-21 12:23:31 | INFO     | ************************************************************
2026-03-21 12:23:31 | INFO     | SPOUŠTÍM BRONZE INGESTION PIPELINE
2026-03-21 12:23:31 | INFO     | ************************************************************
2026-03-21 12:23:31 | INFO     | Výstupní adresář: /Users/thomasistok/Desktop/Formula 1/data/bronze
2026-03-21 12:23:31 | INFO     | ============================================================
2026-03-21 12:23:31 | INFO     | BRONZE INGESTION – OpenF1 API (rok 2024)
2026-03-21 12:23:31 | INFO     | ============================================================
2026-03-21 12:23:31 | INFO     | Stahuji data z: https://api.openf1.org/v1/sessions | Parametry: {'year': 2024, 'session_name': 'Race'}
2026-03-21 12:23:31 | INFO     | Úspěšně staženo 24 záznamů z https://api.openf1.org/v1/sessions
2026-03-21 12:23:31 | INFO     | Uloženo 24 řádků do /Users/thomasistok/Desktop/Formula 1/data/bronze/api_sessions.parquet (10.3 KB)
2026-03-21 12:23:31 | INFO     | Stahuji detailní data pro session_key=9472
2026-03-21 12:23:31 | INFO     | Stahuji data z: https://api.openf1.org/v1/laps | Parametry: {'session_key': 9472}
2026-03-21 12:23:31 | INFO     | Úspěšně staženo 1129 záznamů z https://api.openf1.org/v1/laps
2026-03-21 12:23:31 | INFO     | Uloženo 1129 řádků do /Users/thomasistok/Desktop/Formula 1/data/bronze/api_laps.parquet (54.5 KB)
2026-03-21 12:23:31 | INFO     | Stahuji data z: https://api.openf1.org/v1/pit | Parametry: {'session_key': 9472}
2026-03-21 12:23:31 | INFO     | Úspěšně staženo 43 záznamů z https://api.openf1.org/v1/pit
2026-03-21 12:23:31 | INFO     | Uloženo 43 řádků do /Users/thomasistok/Desktop/Formula 1/data/bronze/api_pit.parquet (6.2 KB)
2026-03-21 12:23:31 | INFO     | Stahuji data z: https://api.openf1.org/v1/drivers | Parametry: {'session_key': 9472}
2026-03-21 12:23:31 | ERROR    | HTTP chyba 429 při stahování z https://api.openf1.org/v1/drivers
2026-03-21 12:23:31 | WARNING  | Žádná data pro endpoint 'drivers'.
2026-03-21 12:23:31 | INFO     | ============================================================
2026-03-21 12:23:31 | INFO     | BRONZE INGESTION – Kaggle CSV soubory
2026-03-21 12:23:31 | INFO     | ============================================================
2026-03-21 12:23:31 | ERROR    | Neočekávaná chyba při zpracování circuits.csv: 'utf-8' codec can't decode byte 0xf3 in position 1311: invalid continuation byte
2026-03-21 12:23:31 | INFO     | Načteno 168 řádků a 4 sloupců z constructors.csv
2026-03-21 12:23:31 | INFO     | Uloženo 168 řádků do /Users/thomasistok/Desktop/Formula 1/data/bronze/csv_constructors.parquet (7.4 KB)
2026-03-21 12:23:31 | INFO     | Načteno 616 řádků a 5 sloupců z drivers.csv
2026-03-21 12:23:31 | INFO     | Uloženo 616 řádků do /Users/thomasistok/Desktop/Formula 1/data/bronze/csv_drivers.parquet (22.8 KB)
2026-03-21 12:23:31 | INFO     | Načteno 1149 řádků a 7 sloupců z races.csv
2026-03-21 12:23:31 | INFO     | Uloženo 1149 řádků do /Users/thomasistok/Desktop/Formula 1/data/bronze/csv_races.parquet (21.7 KB)
2026-03-21 12:23:31 | INFO     | Načteno 7600 řádků a 9 sloupců z results.csv
2026-03-21 12:23:31 | INFO     | Uloženo 7600 řádků do /Users/thomasistok/Desktop/Formula 1/data/bronze/csv_results.parquet (54.3 KB)
2026-03-21 12:23:31 | INFO     | ************************************************************
2026-03-21 12:23:31 | INFO     | BRONZE INGESTION PIPELINE DOKONČENA
2026-03-21 12:23:31 | INFO     | ************************************************************
2026-03-21 12:24:16 | INFO     | ************************************************************
2026-03-21 12:24:16 | INFO     | SPOUŠTÍM BRONZE INGESTION PIPELINE
2026-03-21 12:24:16 | INFO     | ************************************************************
2026-03-21 12:24:16 | INFO     | Výstupní adresář: /Users/thomasistok/Desktop/Formula 1/data/bronze
2026-03-21 12:24:16 | INFO     | ============================================================
2026-03-21 12:24:16 | INFO     | BRONZE INGESTION – OpenF1 API (rok 2024)
2026-03-21 12:24:16 | INFO     | ============================================================
2026-03-21 12:24:16 | INFO     | Stahuji data z: https://api.openf1.org/v1/sessions | Parametry: {'year': 2024, 'session_name': 'Race'} (pokus 1/3)
2026-03-21 12:24:16 | INFO     | Úspěšně staženo 24 záznamů z https://api.openf1.org/v1/sessions
2026-03-21 12:24:16 | INFO     | Uloženo 24 řádků do /Users/thomasistok/Desktop/Formula 1/data/bronze/api_sessions.parquet (10.3 KB)
2026-03-21 12:24:16 | INFO     | Stahuji detailní data pro session_key=9472
2026-03-21 12:24:16 | INFO     | Stahuji data z: https://api.openf1.org/v1/laps | Parametry: {'session_key': 9472} (pokus 1/3)
2026-03-21 12:24:17 | INFO     | Úspěšně staženo 1129 záznamů z https://api.openf1.org/v1/laps
2026-03-21 12:24:17 | INFO     | Uloženo 1129 řádků do /Users/thomasistok/Desktop/Formula 1/data/bronze/api_laps.parquet (54.5 KB)
2026-03-21 12:24:17 | INFO     | Stahuji data z: https://api.openf1.org/v1/pit | Parametry: {'session_key': 9472} (pokus 1/3)
2026-03-21 12:24:17 | INFO     | Úspěšně staženo 43 záznamů z https://api.openf1.org/v1/pit
2026-03-21 12:24:17 | INFO     | Uloženo 43 řádků do /Users/thomasistok/Desktop/Formula 1/data/bronze/api_pit.parquet (6.2 KB)
2026-03-21 12:24:17 | INFO     | Stahuji data z: https://api.openf1.org/v1/drivers | Parametry: {'session_key': 9472} (pokus 1/3)
2026-03-21 12:24:17 | INFO     | Úspěšně staženo 20 záznamů z https://api.openf1.org/v1/drivers
2026-03-21 12:24:17 | INFO     | Uloženo 20 řádků do /Users/thomasistok/Desktop/Formula 1/data/bronze/api_drivers.parquet (10.0 KB)
2026-03-21 12:24:17 | INFO     | ============================================================
2026-03-21 12:24:17 | INFO     | BRONZE INGESTION – Kaggle CSV soubory
2026-03-21 12:24:17 | INFO     | ============================================================
2026-03-21 12:24:17 | WARNING  | Soubor circuits.csv není UTF-8, zkouším latin-1.
2026-03-21 12:24:17 | INFO     | Načteno 76 řádků a 7 sloupců z circuits.csv
2026-03-21 12:24:17 | INFO     | Uloženo 76 řádků do /Users/thomasistok/Desktop/Formula 1/data/bronze/csv_circuits.parquet (10.7 KB)
2026-03-21 12:24:17 | INFO     | Načteno 168 řádků a 4 sloupců z constructors.csv
2026-03-21 12:24:17 | INFO     | Uloženo 168 řádků do /Users/thomasistok/Desktop/Formula 1/data/bronze/csv_constructors.parquet (7.4 KB)
2026-03-21 12:24:17 | INFO     | Načteno 616 řádků a 5 sloupců z drivers.csv
2026-03-21 12:24:17 | INFO     | Uloženo 616 řádků do /Users/thomasistok/Desktop/Formula 1/data/bronze/csv_drivers.parquet (22.8 KB)
2026-03-21 12:24:17 | INFO     | Načteno 1149 řádků a 7 sloupců z races.csv
2026-03-21 12:24:17 | INFO     | Uloženo 1149 řádků do /Users/thomasistok/Desktop/Formula 1/data/bronze/csv_races.parquet (21.7 KB)
2026-03-21 12:24:17 | INFO     | Načteno 7600 řádků a 9 sloupců z results.csv
2026-03-21 12:24:17 | INFO     | Uloženo 7600 řádků do /Users/thomasistok/Desktop/Formula 1/data/bronze/csv_results.parquet (54.3 KB)
2026-03-21 12:24:17 | INFO     | ************************************************************
2026-03-21 12:24:17 | INFO     | BRONZE INGESTION PIPELINE DOKONČENA
2026-03-21 12:24:17 | INFO     | ************************************************************
2026-03-21 12:26:05 | INFO     | ************************************************************
2026-03-21 12:26:05 | INFO     | SPOUŠTÍM SILVER TRANSFORMATION PIPELINE
2026-03-21 12:26:05 | INFO     | ************************************************************
2026-03-21 12:26:05 | INFO     | Výstupní adresář: /Users/thomasistok/Desktop/Formula 1/data/silver
2026-03-21 12:26:05 | INFO     | --- Transformuji: api_sessions ---
2026-03-21 12:26:05 | INFO     | Načteno 24 řádků z api_sessions.parquet
2026-03-21 12:26:05 | INFO     | Silver uloženo: api_sessions.parquet (24 řádků, 10.1 KB)
2026-03-21 12:26:05 | INFO     | --- Transformuji: api_laps ---
2026-03-21 12:26:06 | INFO     | Načteno 1129 řádků z api_laps.parquet
2026-03-21 12:26:06 | ERROR    | Chyba při transformaci api_laps: unhashable type: 'numpy.ndarray'
2026-03-21 12:26:06 | INFO     | --- Transformuji: api_pit ---
2026-03-21 12:26:06 | INFO     | Načteno 43 řádků z api_pit.parquet
2026-03-21 12:26:06 | INFO     | Silver uloženo: api_pit.parquet (43 řádků, 5.4 KB)
2026-03-21 12:26:06 | INFO     | --- Transformuji: api_drivers ---
2026-03-21 12:26:06 | INFO     | Načteno 20 řádků z api_drivers.parquet
2026-03-21 12:26:06 | INFO     | Silver uloženo: api_drivers.parquet (20 řádků, 9.9 KB)
2026-03-21 12:26:06 | INFO     | --- Transformuji: csv_circuits ---
2026-03-21 12:26:06 | INFO     | Načteno 76 řádků z csv_circuits.parquet
2026-03-21 12:26:06 | INFO     | Silver uloženo: csv_circuits.parquet (76 řádků, 10.7 KB)
2026-03-21 12:26:06 | INFO     | --- Transformuji: csv_constructors ---
2026-03-21 12:26:06 | INFO     | Načteno 168 řádků z csv_constructors.parquet
2026-03-21 12:26:06 | INFO     | Silver uloženo: csv_constructors.parquet (168 řádků, 7.3 KB)
2026-03-21 12:26:06 | INFO     | --- Transformuji: csv_drivers ---
2026-03-21 12:26:06 | INFO     | Načteno 616 řádků z csv_drivers.parquet
2026-03-21 12:26:06 | INFO     | Silver uloženo: csv_drivers.parquet (616 řádků, 24.2 KB)
2026-03-21 12:26:06 | INFO     | --- Transformuji: csv_races ---
2026-03-21 12:26:06 | INFO     | Načteno 1149 řádků z csv_races.parquet
2026-03-21 12:26:06 | INFO     | Silver uloženo: csv_races.parquet (1149 řádků, 25.2 KB)
2026-03-21 12:26:06 | INFO     | --- Transformuji: csv_results ---
2026-03-21 12:26:06 | INFO     | Načteno 7600 řádků z csv_results.parquet
2026-03-21 12:26:06 | INFO     | Silver uloženo: csv_results.parquet (7600 řádků, 57.1 KB)
2026-03-21 12:26:06 | INFO     | ************************************************************
2026-03-21 12:26:06 | INFO     | SILVER PIPELINE DOKONČENA: 8 úspěšných, 1 chyb
2026-03-21 12:26:06 | INFO     | ************************************************************
2026-03-21 12:26:55 | INFO     | ************************************************************
2026-03-21 12:26:55 | INFO     | SPOUŠTÍM SILVER TRANSFORMATION PIPELINE
2026-03-21 12:26:55 | INFO     | ************************************************************
2026-03-21 12:26:55 | INFO     | Výstupní adresář: /Users/thomasistok/Desktop/Formula 1/data/silver
2026-03-21 12:26:55 | INFO     | --- Transformuji: api_sessions ---
2026-03-21 12:26:55 | INFO     | Načteno 24 řádků z api_sessions.parquet
2026-03-21 12:26:55 | INFO     | Silver uloženo: api_sessions.parquet (24 řádků, 10.1 KB)
2026-03-21 12:26:55 | INFO     | --- Transformuji: api_laps ---
2026-03-21 12:26:55 | INFO     | Načteno 1129 řádků z api_laps.parquet
2026-03-21 12:26:55 | INFO     | Silver uloženo: api_laps.parquet (1129 řádků, 43.4 KB)
2026-03-21 12:26:55 | INFO     | --- Transformuji: api_pit ---
2026-03-21 12:26:55 | INFO     | Načteno 43 řádků z api_pit.parquet
2026-03-21 12:26:55 | INFO     | Silver uloženo: api_pit.parquet (43 řádků, 5.4 KB)
2026-03-21 12:26:55 | INFO     | --- Transformuji: api_drivers ---
2026-03-21 12:26:55 | INFO     | Načteno 20 řádků z api_drivers.parquet
2026-03-21 12:26:55 | INFO     | Silver uloženo: api_drivers.parquet (20 řádků, 9.9 KB)
2026-03-21 12:26:55 | INFO     | --- Transformuji: csv_circuits ---
2026-03-21 12:26:55 | INFO     | Načteno 76 řádků z csv_circuits.parquet
2026-03-21 12:26:55 | INFO     | Silver uloženo: csv_circuits.parquet (76 řádků, 10.7 KB)
2026-03-21 12:26:55 | INFO     | --- Transformuji: csv_constructors ---
2026-03-21 12:26:55 | INFO     | Načteno 168 řádků z csv_constructors.parquet
2026-03-21 12:26:55 | INFO     | Silver uloženo: csv_constructors.parquet (168 řádků, 7.3 KB)
2026-03-21 12:26:55 | INFO     | --- Transformuji: csv_drivers ---
2026-03-21 12:26:55 | INFO     | Načteno 616 řádků z csv_drivers.parquet
2026-03-21 12:26:55 | INFO     | Silver uloženo: csv_drivers.parquet (616 řádků, 24.2 KB)
2026-03-21 12:26:55 | INFO     | --- Transformuji: csv_races ---
2026-03-21 12:26:55 | INFO     | Načteno 1149 řádků z csv_races.parquet
2026-03-21 12:26:55 | INFO     | Silver uloženo: csv_races.parquet (1149 řádků, 25.2 KB)
2026-03-21 12:26:55 | INFO     | --- Transformuji: csv_results ---
2026-03-21 12:26:55 | INFO     | Načteno 7600 řádků z csv_results.parquet
2026-03-21 12:26:55 | INFO     | Silver uloženo: csv_results.parquet (7600 řádků, 57.1 KB)
2026-03-21 12:26:55 | INFO     | ************************************************************
2026-03-21 12:26:55 | INFO     | SILVER PIPELINE DOKONČENA: 9 úspěšných, 0 chyb
2026-03-21 12:26:55 | INFO     | ************************************************************
2026-03-21 12:42:34 | INFO     | ************************************************************
2026-03-21 12:42:34 | INFO     | SPOUŠTÍM BRONZE INGESTION PIPELINE
2026-03-21 12:42:34 | INFO     | ************************************************************
2026-03-21 12:42:34 | INFO     | Výstupní adresář: /Users/thomasistok/Desktop/Formula 1/data/bronze
2026-03-21 12:42:34 | INFO     | ============================================================
2026-03-21 12:42:34 | INFO     | BRONZE INGESTION – OpenF1 API (rok 2024)
2026-03-21 12:42:34 | INFO     | ============================================================
2026-03-21 12:42:34 | INFO     | Stahuji data z: https://api.openf1.org/v1/sessions | Parametry: {'year': 2024, 'session_name': 'Race'} (pokus 1/3)
2026-03-21 12:42:34 | INFO     | Úspěšně staženo 24 záznamů z https://api.openf1.org/v1/sessions
2026-03-21 12:42:34 | INFO     | Uloženo 24 řádků do /Users/thomasistok/Desktop/Formula 1/data/bronze/api_sessions.parquet (10.3 KB)
2026-03-21 12:42:34 | INFO     | Stahuji detailní data pro session_key=9472
2026-03-21 12:42:34 | INFO     | Stahuji data z: https://api.openf1.org/v1/laps | Parametry: {'session_key': 9472} (pokus 1/3)
2026-03-21 12:42:34 | INFO     | Úspěšně staženo 1129 záznamů z https://api.openf1.org/v1/laps
2026-03-21 12:42:34 | INFO     | Uloženo 1129 řádků do /Users/thomasistok/Desktop/Formula 1/data/bronze/api_laps.parquet (54.5 KB)
2026-03-21 12:42:34 | INFO     | Stahuji data z: https://api.openf1.org/v1/pit | Parametry: {'session_key': 9472} (pokus 1/3)
2026-03-21 12:42:34 | INFO     | Úspěšně staženo 43 záznamů z https://api.openf1.org/v1/pit
2026-03-21 12:42:34 | INFO     | Uloženo 43 řádků do /Users/thomasistok/Desktop/Formula 1/data/bronze/api_pit.parquet (6.2 KB)
2026-03-21 12:42:34 | INFO     | Stahuji data z: https://api.openf1.org/v1/drivers | Parametry: {'session_key': 9472} (pokus 1/3)
2026-03-21 12:42:34 | WARNING  | Rate limit (429) z https://api.openf1.org/v1/drivers – čekám 2s před dalším pokusem.
2026-03-21 12:42:36 | INFO     | Stahuji data z: https://api.openf1.org/v1/drivers | Parametry: {'session_key': 9472} (pokus 2/3)
2026-03-21 12:42:37 | INFO     | Úspěšně staženo 20 záznamů z https://api.openf1.org/v1/drivers
2026-03-21 12:42:37 | INFO     | Uloženo 20 řádků do /Users/thomasistok/Desktop/Formula 1/data/bronze/api_drivers.parquet (10.0 KB)
2026-03-21 12:42:37 | INFO     | ============================================================
2026-03-21 12:42:37 | INFO     | BRONZE INGESTION – Kaggle CSV soubory (DuckDB streaming)
2026-03-21 12:42:37 | INFO     | ============================================================
2026-03-21 12:42:37 | INFO     | DuckDB konvertuje (streamuje) circuits.csv přímo do Parquet...
2026-03-21 12:42:37 | ERROR    | DuckDB chyba při zpracování circuits.csv: Invalid Input Error: CSV Error on Line: 13
Original Line: 
zandvoort,Circuit Park Zandvoort,52.3888,4.54092,Zandvoort,Netherlands,https://en.wikipedia.org/wiki/Circuit_Zandvoort
Invalid unicode (byte sequence mismatch) detected. This file is not utf-8 encoded.

Possible Solution: Set the correct encoding, if available, to read this CSV File (e.g., encoding='UTF-16')
Possible Solution: Enable ignore errors (ignore_errors=true) to skip this row

  file = /Users/thomasistok/Desktop/Formula 1/data_kaggle/circuits.csv
  delimiter = , (Auto-Detected)
  quote = " (Auto-Detected)
  escape = (empty) (Auto-Detected)
  new_line = Single-Line File (Auto-Detected)
  header = false (Auto-Detected)
  skip_rows = 0 (Auto-Detected)
  comment = (empty) (Auto-Detected)
  strict_mode = true (Auto-Detected)
  date_format =  (Auto-Detected)
  timestamp_format =  (Auto-Detected)
  null_padding = 0
  sample_size = 20480
  ignore_errors = false
  all_varchar = 0



LINE 1: COPY (SELECT * FROM read_csv_auto('/Users/thomasistok/Desktop/Formula 1/data_ka...
                            ^
2026-03-21 12:42:37 | INFO     | DuckDB konvertuje (streamuje) constructors.csv přímo do Parquet...
2026-03-21 12:42:37 | INFO     | Úspěšně uloženo do csv_constructors.parquet (5.0 KB)
2026-03-21 12:42:37 | INFO     | DuckDB konvertuje (streamuje) drivers.csv přímo do Parquet...
2026-03-21 12:42:37 | INFO     | Úspěšně uloženo do csv_drivers.parquet (17.6 KB)
2026-03-21 12:42:37 | INFO     | DuckDB konvertuje (streamuje) races.csv přímo do Parquet...
2026-03-21 12:42:37 | INFO     | Úspěšně uloženo do csv_races.parquet (15.4 KB)
2026-03-21 12:42:37 | INFO     | DuckDB konvertuje (streamuje) results.csv přímo do Parquet...
2026-03-21 12:42:37 | INFO     | Úspěšně uloženo do csv_results.parquet (54.1 KB)
2026-03-21 12:42:37 | INFO     | ************************************************************
2026-03-21 12:42:37 | INFO     | BRONZE INGESTION PIPELINE DOKONČENA
2026-03-21 12:42:37 | INFO     | ************************************************************
2026-03-21 12:43:28 | INFO     | ************************************************************
2026-03-21 12:43:28 | INFO     | SPOUŠTÍM BRONZE INGESTION PIPELINE
2026-03-21 12:43:28 | INFO     | ************************************************************
2026-03-21 12:43:28 | INFO     | Výstupní adresář: /Users/thomasistok/Desktop/Formula 1/data/bronze
2026-03-21 12:43:28 | INFO     | ============================================================
2026-03-21 12:43:28 | INFO     | BRONZE INGESTION – OpenF1 API (rok 2024)
2026-03-21 12:43:28 | INFO     | ============================================================
2026-03-21 12:43:28 | INFO     | Stahuji data z: https://api.openf1.org/v1/sessions | Parametry: {'year': 2024, 'session_name': 'Race'} (pokus 1/3)
2026-03-21 12:43:28 | INFO     | Úspěšně staženo 24 záznamů z https://api.openf1.org/v1/sessions
2026-03-21 12:43:28 | INFO     | Uloženo 24 řádků do /Users/thomasistok/Desktop/Formula 1/data/bronze/api_sessions.parquet (10.3 KB)
2026-03-21 12:43:28 | INFO     | Stahuji detailní data pro session_key=9472
2026-03-21 12:43:28 | INFO     | Stahuji data z: https://api.openf1.org/v1/laps | Parametry: {'session_key': 9472} (pokus 1/3)
2026-03-21 12:43:28 | INFO     | Úspěšně staženo 1129 záznamů z https://api.openf1.org/v1/laps
2026-03-21 12:43:28 | INFO     | Uloženo 1129 řádků do /Users/thomasistok/Desktop/Formula 1/data/bronze/api_laps.parquet (54.5 KB)
2026-03-21 12:43:28 | INFO     | Stahuji data z: https://api.openf1.org/v1/pit | Parametry: {'session_key': 9472} (pokus 1/3)
2026-03-21 12:43:28 | INFO     | Úspěšně staženo 43 záznamů z https://api.openf1.org/v1/pit
2026-03-21 12:43:28 | INFO     | Uloženo 43 řádků do /Users/thomasistok/Desktop/Formula 1/data/bronze/api_pit.parquet (6.2 KB)
2026-03-21 12:43:28 | INFO     | Stahuji data z: https://api.openf1.org/v1/drivers | Parametry: {'session_key': 9472} (pokus 1/3)
2026-03-21 12:43:29 | INFO     | Úspěšně staženo 20 záznamů z https://api.openf1.org/v1/drivers
2026-03-21 12:43:29 | INFO     | Uloženo 20 řádků do /Users/thomasistok/Desktop/Formula 1/data/bronze/api_drivers.parquet (10.0 KB)
2026-03-21 12:43:29 | INFO     | ============================================================
2026-03-21 12:43:29 | INFO     | BRONZE INGESTION – Kaggle CSV soubory (DuckDB streaming)
2026-03-21 12:43:29 | INFO     | ============================================================
2026-03-21 12:43:29 | INFO     | DuckDB konvertuje (streamuje) circuits.csv přímo do Parquet...
2026-03-21 12:43:29 | WARNING  | DuckDB narazilo na problém s kódováním u circuits.csv. Zkouším latin-1.
2026-03-21 12:43:29 | INFO     | Úspěšně uloženo do csv_circuits.parquet (7.1 KB)
2026-03-21 12:43:29 | INFO     | DuckDB konvertuje (streamuje) constructors.csv přímo do Parquet...
2026-03-21 12:43:29 | INFO     | Úspěšně uloženo do csv_constructors.parquet (5.0 KB)
2026-03-21 12:43:29 | INFO     | DuckDB konvertuje (streamuje) drivers.csv přímo do Parquet...
2026-03-21 12:43:29 | INFO     | Úspěšně uloženo do csv_drivers.parquet (17.6 KB)
2026-03-21 12:43:29 | INFO     | DuckDB konvertuje (streamuje) races.csv přímo do Parquet...
2026-03-21 12:43:29 | INFO     | Úspěšně uloženo do csv_races.parquet (15.4 KB)
2026-03-21 12:43:29 | INFO     | DuckDB konvertuje (streamuje) results.csv přímo do Parquet...
2026-03-21 12:43:29 | INFO     | Úspěšně uloženo do csv_results.parquet (54.1 KB)
2026-03-21 12:43:29 | INFO     | ************************************************************
2026-03-21 12:43:29 | INFO     | BRONZE INGESTION PIPELINE DOKONČENA
2026-03-21 12:43:29 | INFO     | ************************************************************
2026-03-21 13:02:56 | INFO     | ************************************************************
2026-03-21 13:02:56 | INFO     | STARTING BRONZE INGESTION PIPELINE
2026-03-21 13:02:56 | INFO     | ************************************************************
2026-03-21 13:02:56 | INFO     | Output directory: /Users/thomasistok/Desktop/Formula 1/data/bronze
2026-03-21 13:02:56 | INFO     | ============================================================
2026-03-21 13:02:56 | INFO     | BRONZE INGESTION - OpenF1 API (year 2025)
2026-03-21 13:02:56 | INFO     | ============================================================
2026-03-21 13:02:56 | INFO     | Downloading data from: https://api.openf1.org/v1/sessions | Params: {'year': 2025, 'session_name': 'Race'} (attempt 1/3)
2026-03-21 13:02:56 | INFO     | Successfully downloaded 24 records from https://api.openf1.org/v1/sessions
2026-03-21 13:02:56 | INFO     | Saved 24 rows to /Users/thomasistok/Desktop/Formula 1/data/bronze/api_sessions.parquet (10.2 KB)
2026-03-21 13:02:56 | INFO     | Downloading detailed data for session_key=9693
2026-03-21 13:02:56 | INFO     | Downloading data from: https://api.openf1.org/v1/laps | Params: {'session_key': 9693} (attempt 1/3)
2026-03-21 13:02:56 | INFO     | Successfully downloaded 928 records from https://api.openf1.org/v1/laps
2026-03-21 13:02:56 | INFO     | Saved 928 rows to /Users/thomasistok/Desktop/Formula 1/data/bronze/api_laps.parquet (52.7 KB)
2026-03-21 13:02:56 | INFO     | Downloading data from: https://api.openf1.org/v1/pit | Params: {'session_key': 9693} (attempt 1/3)
2026-03-21 13:02:56 | INFO     | Successfully downloaded 82 records from https://api.openf1.org/v1/pit
2026-03-21 13:02:56 | INFO     | Saved 82 rows to /Users/thomasistok/Desktop/Formula 1/data/bronze/api_pit.parquet (7.4 KB)
2026-03-21 13:02:56 | INFO     | Downloading data from: https://api.openf1.org/v1/drivers | Params: {'session_key': 9693} (attempt 1/3)
2026-03-21 13:02:56 | WARNING  | Rate limit (429) from https://api.openf1.org/v1/drivers - waiting 2s before next attempt.
2026-03-21 13:02:58 | INFO     | Downloading data from: https://api.openf1.org/v1/drivers | Params: {'session_key': 9693} (attempt 2/3)
2026-03-21 13:02:58 | INFO     | Successfully downloaded 20 records from https://api.openf1.org/v1/drivers
2026-03-21 13:02:58 | INFO     | Saved 20 rows to /Users/thomasistok/Desktop/Formula 1/data/bronze/api_drivers.parquet (9.9 KB)
2026-03-21 13:02:58 | INFO     | ============================================================
2026-03-21 13:02:58 | INFO     | BRONZE INGESTION - Kaggle CSV files (DuckDB streaming)
2026-03-21 13:02:58 | INFO     | ============================================================
2026-03-21 13:02:58 | INFO     | DuckDB converting (streaming) circuits.csv directly to Parquet...
2026-03-21 13:02:58 | WARNING  | DuckDB encountered an encoding issue with circuits.csv. Falling back to latin-1.
2026-03-21 13:02:58 | INFO     | Successfully saved to csv_circuits.parquet (7.1 KB)
2026-03-21 13:02:58 | INFO     | DuckDB converting (streaming) constructors.csv directly to Parquet...
2026-03-21 13:02:58 | INFO     | Successfully saved to csv_constructors.parquet (5.0 KB)
2026-03-21 13:02:58 | INFO     | DuckDB converting (streaming) drivers.csv directly to Parquet...
2026-03-21 13:02:58 | INFO     | Successfully saved to csv_drivers.parquet (17.6 KB)
2026-03-21 13:02:58 | INFO     | DuckDB converting (streaming) races.csv directly to Parquet...
2026-03-21 13:02:58 | INFO     | Successfully saved to csv_races.parquet (15.4 KB)
2026-03-21 13:02:58 | INFO     | DuckDB converting (streaming) results.csv directly to Parquet...
2026-03-21 13:02:58 | INFO     | Successfully saved to csv_results.parquet (54.1 KB)
2026-03-21 13:02:58 | INFO     | ************************************************************
2026-03-21 13:02:58 | INFO     | BRONZE INGESTION PIPELINE COMPLETED
2026-03-21 13:02:58 | INFO     | ************************************************************
2026-03-21 13:02:59 | INFO     | ************************************************************
2026-03-21 13:02:59 | INFO     | STARTING SILVER TRANSFORMATION PIPELINE
2026-03-21 13:02:59 | INFO     | ************************************************************
2026-03-21 13:02:59 | INFO     | Output directory: /Users/thomasistok/Desktop/Formula 1/data/silver
2026-03-21 13:02:59 | INFO     | --- Transforming: api_sessions ---
2026-03-21 13:02:59 | INFO     | Loaded 24 rows from api_sessions.parquet
2026-03-21 13:02:59 | INFO     | Silver saved: api_sessions.parquet (24 rows, 10.1 KB)
2026-03-21 13:02:59 | INFO     | --- Transforming: api_laps ---
2026-03-21 13:02:59 | INFO     | Loaded 928 rows from api_laps.parquet
2026-03-21 13:02:59 | ERROR    | Error during transformation api_laps: time data "2025-03-16T04:49:56+00:00" doesn't match format "%Y-%m-%dT%H:%M:%S.%f%z". You might want to try:
    - passing `format` if your strings have a consistent format;
    - passing `format='ISO8601'` if your strings are all ISO8601 but not necessarily in exactly the same format;
    - passing `format='mixed'`, and the format will be inferred for each element individually. You might want to use `dayfirst` alongside this.
2026-03-21 13:02:59 | INFO     | --- Transforming: api_pit ---
2026-03-21 13:02:59 | INFO     | Loaded 82 rows from api_pit.parquet
2026-03-21 13:02:59 | INFO     | Silver saved: api_pit.parquet (82 rows, 6.2 KB)
2026-03-21 13:02:59 | INFO     | --- Transforming: api_drivers ---
2026-03-21 13:02:59 | INFO     | Loaded 20 rows from api_drivers.parquet
2026-03-21 13:02:59 | INFO     | Silver saved: api_drivers.parquet (20 rows, 9.8 KB)
2026-03-21 13:02:59 | INFO     | --- Transforming: csv_circuits ---
2026-03-21 13:02:59 | INFO     | Loaded 76 rows from csv_circuits.parquet
2026-03-21 13:02:59 | INFO     | Silver saved: csv_circuits.parquet (76 rows, 10.7 KB)
2026-03-21 13:02:59 | INFO     | --- Transforming: csv_constructors ---
2026-03-21 13:02:59 | INFO     | Loaded 168 rows from csv_constructors.parquet
2026-03-21 13:02:59 | INFO     | Silver saved: csv_constructors.parquet (168 rows, 7.3 KB)
2026-03-21 13:02:59 | INFO     | --- Transforming: csv_drivers ---
2026-03-21 13:02:59 | INFO     | Loaded 616 rows from csv_drivers.parquet
2026-03-21 13:02:59 | INFO     | Silver saved: csv_drivers.parquet (616 rows, 24.2 KB)
2026-03-21 13:02:59 | INFO     | --- Transforming: csv_races ---
2026-03-21 13:02:59 | INFO     | Loaded 1149 rows from csv_races.parquet
2026-03-21 13:02:59 | INFO     | Silver saved: csv_races.parquet (1149 rows, 25.2 KB)
2026-03-21 13:02:59 | INFO     | --- Transforming: csv_results ---
2026-03-21 13:02:59 | INFO     | Loaded 7600 rows from csv_results.parquet
2026-03-21 13:02:59 | INFO     | Silver saved: csv_results.parquet (7600 rows, 57.1 KB)
2026-03-21 13:02:59 | INFO     | ************************************************************
2026-03-21 13:02:59 | INFO     | SILVER PIPELINE COMPLETED: 8 successful, 1 errors
2026-03-21 13:02:59 | INFO     | ************************************************************
2026-03-21 13:04:57 | INFO     | ************************************************************
2026-03-21 13:04:57 | INFO     | STARTING SILVER TRANSFORMATION PIPELINE
2026-03-21 13:04:57 | INFO     | ************************************************************
2026-03-21 13:04:57 | INFO     | Output directory: /Users/thomasistok/Desktop/Formula 1/data/silver
2026-03-21 13:04:57 | INFO     | --- Transforming: api_sessions ---
2026-03-21 13:04:57 | INFO     | Loaded 24 rows from api_sessions.parquet
2026-03-21 13:04:57 | INFO     | Silver saved: api_sessions.parquet (24 rows, 10.1 KB)
2026-03-21 13:04:57 | INFO     | --- Transforming: api_laps ---
2026-03-21 13:04:57 | INFO     | Loaded 928 rows from api_laps.parquet
2026-03-21 13:04:57 | INFO     | Silver saved: api_laps.parquet (928 rows, 43.1 KB)
2026-03-21 13:04:57 | INFO     | --- Transforming: api_pit ---
2026-03-21 13:04:57 | INFO     | Loaded 82 rows from api_pit.parquet
2026-03-21 13:04:57 | INFO     | Silver saved: api_pit.parquet (82 rows, 6.2 KB)
2026-03-21 13:04:57 | INFO     | --- Transforming: api_drivers ---
2026-03-21 13:04:57 | INFO     | Loaded 20 rows from api_drivers.parquet
2026-03-21 13:04:57 | INFO     | Silver saved: api_drivers.parquet (20 rows, 9.8 KB)
2026-03-21 13:04:57 | INFO     | --- Transforming: csv_circuits ---
2026-03-21 13:04:57 | INFO     | Loaded 76 rows from csv_circuits.parquet
2026-03-21 13:04:57 | INFO     | Silver saved: csv_circuits.parquet (76 rows, 10.7 KB)
2026-03-21 13:04:57 | INFO     | --- Transforming: csv_constructors ---
2026-03-21 13:04:57 | INFO     | Loaded 168 rows from csv_constructors.parquet
2026-03-21 13:04:57 | INFO     | Silver saved: csv_constructors.parquet (168 rows, 7.3 KB)
2026-03-21 13:04:57 | INFO     | --- Transforming: csv_drivers ---
2026-03-21 13:04:57 | INFO     | Loaded 616 rows from csv_drivers.parquet
2026-03-21 13:04:57 | INFO     | Silver saved: csv_drivers.parquet (616 rows, 24.2 KB)
2026-03-21 13:04:57 | INFO     | --- Transforming: csv_races ---
2026-03-21 13:04:57 | INFO     | Loaded 1149 rows from csv_races.parquet
2026-03-21 13:04:57 | INFO     | Silver saved: csv_races.parquet (1149 rows, 25.2 KB)
2026-03-21 13:04:57 | INFO     | --- Transforming: csv_results ---
2026-03-21 13:04:57 | INFO     | Loaded 7600 rows from csv_results.parquet
2026-03-21 13:04:57 | INFO     | Silver saved: csv_results.parquet (7600 rows, 57.1 KB)
2026-03-21 13:04:57 | INFO     | ************************************************************
2026-03-21 13:04:57 | INFO     | SILVER PIPELINE COMPLETED: 9 successful, 0 errors
2026-03-21 13:04:57 | INFO     | ************************************************************
